#
# A fatal error has been detected by the Java Runtime Environment:
#
#  SIGSEGV (0xb) at pc=0x000000010f5c8962, pid=1595, tid=24583
#
# JRE version: Java(TM) SE Runtime Environment (13.0.2+8) (build 13.0.2+8)
# Java VM: Java HotSpot(TM) 64-Bit Server VM (13.0.2+8, mixed mode, sharing, tiered, compressed oops, g1 gc, bsd-amd64)
# Problematic frame:
# C  [libjimage.dylib+0x1962]  _ZN12ImageStrings4findEP6EndianPKcPij+0x56
#
# No core dump will be written. Core dumps have been disabled. To enable core dumping, try "ulimit -c unlimited" before starting Java again
#
# If you would like to submit a bug report, please visit:
#   http://bugreport.java.com/bugreport/crash.jsp
#

---------------  S U M M A R Y ------------

Command Line: -agentlib:jdwp=transport=dt_socket,suspend=y,address=localhost:49570 -javaagent:/Users/cleberluiz/eclipse/java-2020-06/Eclipse.app/Contents/Eclipse/configuration/org.eclipse.osgi/214/0/.cp/lib/javaagent-shaded.jar -Dfile.encoding=UTF-8 main.Main

Host: MacBookPro7,1 x86_64 2400 MHz, 2 cores, 8G, Darwin 17.7.0
Time: Sun Sep 13 22:05:02 2020 -03 elapsed time: 168 seconds (0d 0h 2m 48s)

---------------  T H R E A D  ---------------

Current thread (0x00007ff6460e9000):  JavaThread "SIGTERM handler" daemon [_thread_in_vm, id=24583, stack(0x0000700003020000,0x0000700003120000)]

Stack: [0x0000700003020000,0x0000700003120000],  sp=0x000070000311db10,  free space=1014k
Native frames: (J=compiled Java code, A=aot compiled Java code, j=interpreted, Vv=VM code, C=native code)
C  [libjimage.dylib+0x1962]  _ZN12ImageStrings4findEP6EndianPKcPij+0x56
C  [libjimage.dylib+0x25c9]  _ZNK15ImageFileReader19find_location_indexEPKcPy+0x3f
C  [libjimage.dylib+0x280a]  JIMAGE_FindResource+0xcf
V  [libjvm.dylib+0x1e5181]  _ZN19ClassPathImageEntry22open_stream_for_loaderEPKcP15ClassLoaderDataP6Thread+0x49
V  [libjvm.dylib+0x2dafdb]  _ZN11FileMapInfo21open_stream_for_jvmtiEP13InstanceKlass6HandleP6Thread+0x8d
V  [libjvm.dylib+0x50b717]  _ZN12KlassFactory33check_shared_class_file_load_hookEP13InstanceKlassP6Symbol6HandleS4_PK15ClassFileStreamP6Thread+0xcf
V  [libjvm.dylib+0x6f549e]  _ZN16SystemDictionary17load_shared_classEP13InstanceKlass6HandleS2_PK15ClassFileStreamP6Thread+0x11a
V  [libjvm.dylib+0x6f4280]  _ZN16SystemDictionary19load_instance_classEP6Symbol6HandleP6Thread+0x2b0
V  [libjvm.dylib+0x6f327f]  _ZN16SystemDictionary30resolve_instance_class_or_nullEP6Symbol6HandleS2_P6Thread+0x53b
V  [libjvm.dylib+0x6f2995]